This file contains any messages produced by compilers while
running configure, to aid debugging if configure makes a mistake.

It was created by POSH: Paris OpenSHMEM configure 0.2, which was
generated by GNU Autoconf 2.69.  Invocation command line was

  $ ./configure --prefix=/tmp/POSH

## --------- ##
## Platform. ##
## --------- ##

hostname = loutre
uname -m = x86_64
uname -r = 4.19.0-6-amd64
uname -s = Linux
uname -v = #1 SMP Debian 4.19.67-2+deb10u1 (2019-09-20)

/usr/bin/uname -p = unknown
/bin/uname -X     = unknown

/bin/arch              = x86_64
/usr/bin/arch -k       = unknown
/usr/convex/getsysinfo = unknown
/usr/bin/hostinfo      = unknown
/bin/machine           = unknown
/usr/bin/oslevel       = unknown
/bin/universe          = unknown

PATH: /opt/mpi/bin
PATH: /opt/bin
PATH: /opt/intel/sde
PATH: /home/coti/logiciels/tau-2.28/x86_64//bin
PATH: /home/coti/logiciels/pdtoolkit-3.25/x86_64/bin
PATH: /opt/scorep/bin
PATH: /opt/scalasca/bin
PATH: /opt/cubegui/bin
PATH: /opt/cubelib/bin
PATH: /home/coti/.local/bin
PATH: /opt/nmad/bin
PATH: /clang-instru/install/bin/
PATH: /home/coti/intel/compilers_and_libraries/linux//mkl//bin/intel64/
PATH: /home/coti/intel/compilers_and_libraries/linux//bin/intel64/
PATH: /usr/local/bin
PATH: /usr/bin
PATH: /bin
PATH: /usr/local/games
PATH: /usr/games


## ----------- ##
## Core tests. ##
## ----------- ##

configure:2530: checking for a BSD-compatible install
configure:2598: result: /usr/bin/install -c
configure:2609: checking whether build environment is sane
configure:2664: result: yes
configure:2700: WARNING: 'missing' script is too old or missing
configure:2813: checking for a thread-safe mkdir -p
configure:2852: result: /usr/bin/mkdir -p
configure:2859: checking for gawk
configure:2889: result: no
configure:2859: checking for mawk
configure:2875: found /usr/bin/mawk
configure:2886: result: mawk
configure:2897: checking whether make sets $(MAKE)
configure:2919: result: yes
configure:2948: checking whether make supports nested variables
configure:2965: result: yes
configure:3097: checking whether make supports the include directive
configure:3112: make -f confmf.GNU && cat confinc.out
this is the am__doit target
configure:3115: $? = 0
configure:3134: result: yes (GNU style)
configure:3204: checking for gcc
configure:3220: found /usr/bin/gcc
configure:3231: result: gcc
configure:3460: checking for C compiler version
configure:3469: gcc --version >&5
gcc (Debian 8.3.0-6) 8.3.0
Copyright (C) 2018 Free Software Foundation, Inc.
This is free software; see the source for copying conditions.  There is NO
warranty; not even for MERCHANTABILITY or FITNESS FOR A PARTICULAR PURPOSE.

configure:3480: $? = 0
configure:3469: gcc -v >&5
Using built-in specs.
COLLECT_GCC=gcc
COLLECT_LTO_WRAPPER=/usr/lib/gcc/x86_64-linux-gnu/8/lto-wrapper
OFFLOAD_TARGET_NAMES=nvptx-none
OFFLOAD_TARGET_DEFAULT=1
Target: x86_64-linux-gnu
Configured with: ../src/configure -v --with-pkgversion='Debian 8.3.0-6' --with-bugurl=file:///usr/share/doc/gcc-8/README.Bugs --enable-languages=c,ada,c++,go,brig,d,fortran,objc,obj-c++ --prefix=/usr --with-gcc-major-version-only --program-suffix=-8 --program-prefix=x86_64-linux-gnu- --enable-shared --enable-linker-build-id --libexecdir=/usr/lib --without-included-gettext --enable-threads=posix --libdir=/usr/lib --enable-nls --enable-bootstrap --enable-clocale=gnu --enable-libstdcxx-debug --enable-libstdcxx-time=yes --with-default-libstdcxx-abi=new --enable-gnu-unique-object --disable-vtable-verify --enable-libmpx --enable-plugin --enable-default-pie --with-system-zlib --with-target-system-zlib --enable-objc-gc=auto --enable-multiarch --disable-werror --with-arch-32=i686 --with-abi=m64 --with-multilib-list=m32,m64,mx32 --enable-multilib --with-tune=generic --enable-offload-targets=nvptx-none --without-cuda-driver --enable-checking=release --build=x86_64-linux-gnu --host=x86_64-linux-gnu --target=x86_64-linux-gnu
Thread model: posix
gcc version 8.3.0 (Debian 8.3.0-6) 
configure:3480: $? = 0
configure:3469: gcc -V >&5
gcc: error: unrecognized command line option '-V'
gcc: fatal error: no input files
compilation terminated.
configure:3480: $? = 1
configure:3469: gcc -qversion >&5
gcc: error: unrecognized command line option '-qversion'; did you mean '--version'?
gcc: fatal error: no input files
compilation terminated.
configure:3480: $? = 1
configure:3500: checking whether the C compiler works
configure:3522: gcc    conftest.c  >&5
configure:3526: $? = 0
configure:3574: result: yes
configure:3577: checking for C compiler default output file name
configure:3579: result: a.out
configure:3585: checking for suffix of executables
configure:3592: gcc -o conftest    conftest.c  >&5
configure:3596: $? = 0
configure:3618: result: 
configure:3640: checking whether we are cross compiling
configure:3648: gcc -o conftest    conftest.c  >&5
configure:3652: $? = 0
configure:3659: ./conftest
configure:3663: $? = 0
configure:3651: result: no
configure:3656: checking for suffix of object files
configure:3678: gcc -c   conftest.c >&5
configure:3682: $? = 0
configure:3703: result: o
configure:3707: checking whether we are using the GNU C compiler
configure:3726: gcc -c   conftest.c >&5
configure:3726: $? = 0
configure:3735: result: yes
configure:3744: checking whether gcc accepts -g
configure:3764: gcc -c -g  conftest.c >&5
configure:3764: $? = 0
configure:3805: result: yes
configure:3822: checking for gcc option to accept ISO C89
configure:3885: gcc  -c -g -O2  conftest.c >&5
configure:3885: $? = 0
configure:3898: result: none needed
configure:3923: checking whether gcc understands -c and -o together
configure:3945: gcc -c conftest.c -o conftest2.o
configure:3948: $? = 0
configure:3945: gcc -c conftest.c -o conftest2.o
configure:3948: $? = 0
configure:3960: result: yes
configure:3979: checking dependency style of gcc
configure:4090: result: none
configure:4155: checking for ar
configure:4171: found /usr/bin/ar
configure:4182: result: ar
configure:4208: checking the archiver (ar) interface
configure:4224: gcc -c -g -O2  conftest.c >&5
configure:4224: $? = 0
configure:4226: ar cru libconftest.a conftest.o >&5
ar: `u' modifier ignored since `D' is the default (see `U')
configure:4229: $? = 0
configure:4228: result: ar
configure:4277: checking build system type
configure:4286: error: cannot guess build type; you must specify one

## ---------------- ##
## Cache variables. ##
## ---------------- ##

ac_cv_c_compiler_gnu=yes
ac_cv_env_CCC_set=
ac_cv_env_CCC_value=
ac_cv_env_CC_set=
ac_cv_env_CC_value=
ac_cv_env_CFLAGS_set=
ac_cv_env_CFLAGS_value=
ac_cv_env_CPPFLAGS_set=
ac_cv_env_CPPFLAGS_value=
ac_cv_env_CPP_set=
ac_cv_env_CPP_value=
ac_cv_env_CXXCPP_set=
ac_cv_env_CXXCPP_value=
ac_cv_env_CXXFLAGS_set=
ac_cv_env_CXXFLAGS_value=
ac_cv_env_CXX_set=
ac_cv_env_CXX_value=
ac_cv_env_LDFLAGS_set=
ac_cv_env_LDFLAGS_value=
ac_cv_env_LIBS_set=
ac_cv_env_LIBS_value=
ac_cv_env_LT_SYS_LIBRARY_PATH_set=
ac_cv_env_LT_SYS_LIBRARY_PATH_value=
ac_cv_env_MPICXX_set=
ac_cv_env_MPICXX_value=
ac_cv_env_build_alias_set=
ac_cv_env_build_alias_value=
ac_cv_env_host_alias_set=
ac_cv_env_host_alias_value=
ac_cv_env_target_alias_set=
ac_cv_env_target_alias_value=
ac_cv_objext=o
ac_cv_path_install='/usr/bin/install -c'
ac_cv_path_mkdir=/usr/bin/mkdir
ac_cv_prog_AWK=mawk
ac_cv_prog_ac_ct_AR=ar
ac_cv_prog_ac_ct_CC=gcc
ac_cv_prog_cc_c89=
ac_cv_prog_cc_g=yes
ac_cv_prog_make_make_set=yes
am_cv_CC_dependencies_compiler_type=none
am_cv_ar_interface=ar
am_cv_make_support_nested_variables=yes
am_cv_prog_cc_c_o=yes

## ----------------- ##
## Output variables. ##
## ----------------- ##

ACLOCAL='aclocal-1.16'
AMDEPBACKSLASH='\'
AMDEP_FALSE='#'
AMDEP_TRUE=''
AMTAR='$${TAR-tar}'
AM_BACKSLASH='\'
AM_DEFAULT_V='$(AM_DEFAULT_VERBOSITY)'
AM_DEFAULT_VERBOSITY='1'
AM_V='$(V)'
AR='ar'
AUTOCONF='autoconf'
AUTOHEADER='autoheader'
AUTOMAKE='automake-1.16'
AWK='mawk'
CC='gcc'
CCDEPMODE='depmode=none'
CFLAGS='-g -O2'
CPP=''
CPPFLAGS=''
CXX=''
CXXCPP=''
CXXDEPMODE=''
CXXFLAGS=''
CYGPATH_W='echo'
DEFS=''
DEPDIR='.deps'
DLLTOOL=''
DSYMUTIL=''
DUMPBIN=''
ECHO_C=''
ECHO_N='-n'
ECHO_T=''
EGREP=''
ENABLE_COMM_KNEM_FALSE=''
ENABLE_COMM_KNEM_TRUE=''
ENABLE_COMM_MPI_FALSE=''
ENABLE_COMM_MPI_TRUE=''
ENABLE_COMM_NMAD_FALSE=''
ENABLE_COMM_NMAD_TRUE=''
ENABLE_COMM_TCP_FALSE=''
ENABLE_COMM_TCP_TRUE=''
ENABLE_LAUNCHERLOCAL_FALSE=''
ENABLE_LAUNCHERLOCAL_TRUE=''
ENABLE_LAUNCHERMPI_FALSE=''
ENABLE_LAUNCHERMPI_TRUE=''
ENABLE_LAUNCHERPADICO_FALSE=''
ENABLE_LAUNCHERPADICO_TRUE=''
EXEEXT=''
FGREP=''
GREP=''
INSTALL_DATA='${INSTALL} -m 644'
INSTALL_PROGRAM='${INSTALL}'
INSTALL_SCRIPT='${INSTALL}'
INSTALL_STRIP_PROGRAM='$(install_sh) -c -s'
LD=''
LDFLAGS=''
LEX=''
LEXLIB=''
LEX_OUTPUT_ROOT=''
LIBOBJS=''
LIBS=''
LIBTOOL=''
LIPO=''
LN_S=''
LTLIBOBJS=''
LT_SYS_LIBRARY_PATH=''
MAKEINFO='makeinfo'
MANIFEST_TOOL=''
MKDIR_P='/usr/bin/mkdir -p'
MPICXX=''
MPILIBS=''
NM=''
NMEDIT=''
OBJDUMP=''
OBJEXT='o'
OTOOL64=''
OTOOL=''
PACKAGE='posh--paris-openshmem'
PACKAGE_BUGREPORT='camille.coti@lipn.univ-paris13.fr'
PACKAGE_NAME='POSH: Paris OpenSHMEM'
PACKAGE_STRING='POSH: Paris OpenSHMEM 0.2'
PACKAGE_TARNAME='posh--paris-openshmem'
PACKAGE_URL=''
PACKAGE_VERSION='0.2'
PATH_SEPARATOR=':'
PTHREAD_CC=''
PTHREAD_CFLAGS=''
PTHREAD_LIBS=''
RANLIB=''
SED=''
SET_MAKE=''
SHELL='/bin/bash'
STRIP=''
VERSION='0.2'
ac_ct_AR='ar'
ac_ct_CC='gcc'
ac_ct_CXX=''
ac_ct_DUMPBIN=''
am__EXEEXT_FALSE=''
am__EXEEXT_TRUE=''
am__fastdepCC_FALSE=''
am__fastdepCC_TRUE='#'
am__fastdepCXX_FALSE=''
am__fastdepCXX_TRUE=''
am__include='include'
am__isrc=''
am__leading_dot='.'
am__nodep='_no'
am__quote=''
am__tar='$${TAR-tar} chof - "$$tardir"'
am__untar='$${TAR-tar} xf -'
ax_pthread_config=''
bindir='${exec_prefix}/bin'
build=''
build_alias=''
build_cpu=''
build_os=''
build_vendor=''
datadir='${datarootdir}'
datarootdir='${prefix}/share'
docdir='${datarootdir}/doc/${PACKAGE_TARNAME}'
dvidir='${docdir}'
exec_prefix='NONE'
host=''
host_alias=''
host_cpu=''
host_os=''
host_vendor=''
htmldir='${docdir}'
includedir='${prefix}/include'
infodir='${datarootdir}/info'
install_sh='${SHELL} /tmp/POSH/install-sh'
libdir='${exec_prefix}/lib'
libexecdir='${exec_prefix}/libexec'
localedir='${datarootdir}/locale'
localstatedir='${prefix}/var'
mandir='${datarootdir}/man'
mkdir_p='$(MKDIR_P)'
oldincludedir='/usr/include'
pdfdir='${docdir}'
prefix='/tmp/POSH'
program_transform_name='s,x,x,'
psdir='${docdir}'
runstatedir='${localstatedir}/run'
sbindir='${exec_prefix}/sbin'
sharedstatedir='${prefix}/com'
sysconfdir='${prefix}/etc'
target_alias=''

## ----------- ##
## confdefs.h. ##
## ----------- ##

/* confdefs.h */
#define PACKAGE_NAME "POSH: Paris OpenSHMEM"
#define PACKAGE_TARNAME "posh--paris-openshmem"
#define PACKAGE_VERSION "0.2"
#define PACKAGE_STRING "POSH: Paris OpenSHMEM 0.2"
#define PACKAGE_BUGREPORT "camille.coti@lipn.univ-paris13.fr"
#define PACKAGE_URL ""
#define PACKAGE "posh--paris-openshmem"
#define VERSION "0.2"

configure: exit 1
